INFO Thread-0 org.springframework.beans.factory.support.DefaultListableBeanFactory - Destroying singletons in org.springframework.beans.factory.support.DefaultListableBeanFactory@5fb155b7: defining beans [org.springframework.context.annotation.internalConfigurationAnnotationProcessor,org.springframework.context.annotation.internalAutowiredAnnotationProcessor,org.springframework.context.annotation.internalRequiredAnnotationProcessor,org.springframework.context.annotation.internalCommonAnnotationProcessor,org.springframework.context.annotation.internalPersistenceAnnotationProcessor,orderManagementImpl,dataSourceOrderManagementTest,mySessionFactoryTest2,dateFormat,order1,orderEventLogistic,orderStatusShipping,orderStatusShipping2,orderStatusPaying,orderTestProductData1,orderTestProductData2,orderData,orderTestProductList,orderDataList]; root of factory hierarchy
INFO Thread-0 org.springframework.orm.hibernate3.annotation.AnnotationSessionFactoryBean - Closing Hibernate SessionFactory
INFO Thread-0 org.hibernate.impl.SessionFactoryImpl - closing
INFO main org.springframework.test.context.TestContextManager - @TestExecutionListeners is not present for class [class se.awesomoe.om.model.omorder.manager.OrderProductTest]: using defaults.
INFO main org.springframework.beans.factory.xml.XmlBeanDefinitionReader - Loading XML bean definitions from class path resource [spring-awesomoe-hib-ordermanagment-test.xml]
INFO main org.springframework.beans.factory.xml.XmlBeanDefinitionReader - Loading XML bean definitions from class path resource [test-order-data.xml]
INFO main org.springframework.context.support.GenericApplicationContext - Refreshing org.springframework.context.support.GenericApplicationContext@1b814a5: startup date [Wed Sep 10 20:03:38 CEST 2014]; root of context hierarchy
INFO main org.springframework.beans.factory.support.DefaultListableBeanFactory - Pre-instantiating singletons in org.springframework.beans.factory.support.DefaultListableBeanFactory@4de69e85: defining beans [org.springframework.context.annotation.internalConfigurationAnnotationProcessor,org.springframework.context.annotation.internalAutowiredAnnotationProcessor,org.springframework.context.annotation.internalRequiredAnnotationProcessor,org.springframework.context.annotation.internalCommonAnnotationProcessor,org.springframework.context.annotation.internalPersistenceAnnotationProcessor,orderManagementImpl,dataSourceOrderManagementTest,mySessionFactoryTest2,dateFormat,order1,orderEventLogistic,orderStatusShipping,orderStatusShipping2,orderStatusPaying,orderTestProductData1,orderTestProductData2,orderData,orderTestProductList,orderDataList]; root of factory hierarchy
INFO main org.hibernate.cfg.annotations.Version - Hibernate Annotations 3.4.0.GA
INFO main org.hibernate.cfg.Environment - Hibernate 3.3.2.GA
INFO main org.hibernate.cfg.Environment - hibernate.properties not found
INFO main org.hibernate.cfg.Environment - Bytecode provider name : javassist
INFO main org.hibernate.cfg.Environment - using JDK 1.4 java.sql.Timestamp handling
INFO main org.hibernate.annotations.common.Version - Hibernate Commons Annotations 3.1.0.GA
INFO main org.hibernate.cfg.AnnotationBinder - Binding entity from annotated class: se.awesomoe.om.domain.OrderDAO
INFO main org.hibernate.cfg.annotations.QueryBinder - Binding Named query: findAllOrders =>   from OrderDAO order by orderId
INFO main org.hibernate.cfg.annotations.QueryBinder - Binding Named query: getOrderById => from OrderDAO where orderId =:orderId order by orderId
INFO main org.hibernate.cfg.annotations.EntityBinder - Bind entity se.awesomoe.om.domain.OrderDAO on table OMC_ORDER
INFO main org.hibernate.cfg.AnnotationBinder - Binding entity from annotated class: se.awesomoe.om.domain.OrderEvent
INFO main org.hibernate.cfg.annotations.EntityBinder - Bind entity se.awesomoe.om.domain.OrderEvent on table OMC_EVENT
INFO main org.hibernate.cfg.AnnotationBinder - Binding entity from annotated class: se.awesomoe.om.domain.OrderStatus
INFO main org.hibernate.cfg.annotations.EntityBinder - Bind entity se.awesomoe.om.domain.OrderStatus on table OMC_ORDERSTATUS
INFO main org.hibernate.cfg.AnnotationBinder - Binding entity from annotated class: se.awesomoe.om.domain.OrderData
INFO main org.hibernate.cfg.annotations.EntityBinder - Bind entity se.awesomoe.om.domain.OrderData on table OMC_ORDERDATA
INFO main org.hibernate.cfg.AnnotationBinder - Binding entity from annotated class: se.awesomoe.om.domain.OrderProductDataImpl
INFO main org.hibernate.cfg.annotations.EntityBinder - Bind entity se.awesomoe.om.domain.OrderProductDataImpl on table OMC_ORDERPRODUCT
INFO main org.hibernate.cfg.annotations.CollectionBinder - Mapping collection: se.awesomoe.om.domain.OrderDAO.orderData -> OMC_ORDERDATA
INFO main org.hibernate.cfg.annotations.CollectionBinder - Mapping collection: se.awesomoe.om.domain.OrderDAO.orderevent -> OMC_EVENT
INFO main org.hibernate.cfg.AnnotationConfiguration - Hibernate Validator not found: ignoring
INFO main org.springframework.orm.hibernate3.annotation.AnnotationSessionFactoryBean - Building new Hibernate SessionFactory
INFO main org.hibernate.cfg.search.HibernateSearchEventListenerRegister - Unable to find org.hibernate.search.event.FullTextIndexEventListener on the classpath. Hibernate Search is not enabled.
INFO main org.hibernate.connection.ConnectionProviderFactory - Initializing connection provider: org.springframework.orm.hibernate3.LocalDataSourceConnectionProvider
INFO main org.hibernate.cfg.SettingsFactory - RDBMS: HSQL Database Engine, version: 1.8.0
INFO main org.hibernate.cfg.SettingsFactory - JDBC driver: HSQL Database Engine Driver, version: 1.8.0
INFO main org.hibernate.dialect.Dialect - Using dialect: org.hibernate.dialect.HSQLDialect
INFO main org.hibernate.transaction.TransactionFactoryFactory - Transaction strategy: org.springframework.orm.hibernate3.SpringTransactionFactory
INFO main org.hibernate.transaction.TransactionManagerLookupFactory - No TransactionManagerLookup configured (in JTA environment, use of read-write or transactional second-level cache is not recommended)
INFO main org.hibernate.cfg.SettingsFactory - Automatic flush during beforeCompletion(): disabled
INFO main org.hibernate.cfg.SettingsFactory - Automatic session close at end of transaction: disabled
INFO main org.hibernate.cfg.SettingsFactory - JDBC batch size: 15
INFO main org.hibernate.cfg.SettingsFactory - JDBC batch updates for versioned data: disabled
INFO main org.hibernate.cfg.SettingsFactory - Scrollable result sets: enabled
INFO main org.hibernate.cfg.SettingsFactory - JDBC3 getGeneratedKeys(): disabled
INFO main org.hibernate.cfg.SettingsFactory - Connection release mode: auto
INFO main org.hibernate.cfg.SettingsFactory - Default batch fetch size: 1
INFO main org.hibernate.cfg.SettingsFactory - Generate SQL with comments: disabled
INFO main org.hibernate.cfg.SettingsFactory - Order SQL updates by primary key: disabled
INFO main org.hibernate.cfg.SettingsFactory - Order SQL inserts for batching: disabled
INFO main org.hibernate.cfg.SettingsFactory - Query translator: org.hibernate.hql.ast.ASTQueryTranslatorFactory
INFO main org.hibernate.hql.ast.ASTQueryTranslatorFactory - Using ASTQueryTranslatorFactory
INFO main org.hibernate.cfg.SettingsFactory - Query language substitutions: {}
INFO main org.hibernate.cfg.SettingsFactory - JPA-QL strict compliance: disabled
INFO main org.hibernate.cfg.SettingsFactory - Second-level cache: enabled
INFO main org.hibernate.cfg.SettingsFactory - Query cache: disabled
INFO main org.hibernate.cfg.SettingsFactory - Cache region factory : org.hibernate.cache.impl.NoCachingRegionFactory
INFO main org.hibernate.cfg.SettingsFactory - Optimize cache for minimal puts: disabled
INFO main org.hibernate.cfg.SettingsFactory - Structured second-level cache entries: disabled
INFO main org.hibernate.cfg.SettingsFactory - Echoing all SQL to stdout
INFO main org.hibernate.cfg.SettingsFactory - Statistics: disabled
INFO main org.hibernate.cfg.SettingsFactory - Deleted entity synthetic identifier rollback: disabled
INFO main org.hibernate.cfg.SettingsFactory - Default entity-mode: pojo
INFO main org.hibernate.cfg.SettingsFactory - Named query checking : enabled
INFO main org.hibernate.impl.SessionFactoryImpl - building session factory
INFO main org.hibernate.impl.SessionFactoryObjectFactory - Not binding factory to JNDI, no JNDI name configured
INFO main org.hibernate.tool.hbm2ddl.SchemaExport - Running hbm2ddl schema export
INFO main org.hibernate.tool.hbm2ddl.SchemaExport - exporting generated schema to database
INFO main org.hibernate.tool.hbm2ddl.SchemaExport - schema export complete
INFO Thread-0 org.springframework.context.support.GenericApplicationContext - Closing org.springframework.context.support.GenericApplicationContext@1b814a5: startup date [Wed Sep 10 20:03:38 CEST 2014]; root of context hierarchy
INFO Thread-0 org.springframework.beans.factory.support.DefaultListableBeanFactory - Destroying singletons in org.springframework.beans.factory.support.DefaultListableBeanFactory@4de69e85: defining beans [org.springframework.context.annotation.internalConfigurationAnnotationProcessor,org.springframework.context.annotation.internalAutowiredAnnotationProcessor,org.springframework.context.annotation.internalRequiredAnnotationProcessor,org.springframework.context.annotation.internalCommonAnnotationProcessor,org.springframework.context.annotation.internalPersistenceAnnotationProcessor,orderManagementImpl,dataSourceOrderManagementTest,mySessionFactoryTest2,dateFormat,order1,orderEventLogistic,orderStatusShipping,orderStatusShipping2,orderStatusPaying,orderTestProductData1,orderTestProductData2,orderData,orderTestProductList,orderDataList]; root of factory hierarchy
INFO Thread-0 org.springframework.orm.hibernate3.annotation.AnnotationSessionFactoryBean - Closing Hibernate SessionFactory
INFO Thread-0 org.hibernate.impl.SessionFactoryImpl - closing
INFO main org.springframework.test.context.TestContextManager - @TestExecutionListeners is not present for class [class se.awesomoe.om.model.omorder.manager.OrderProductTest]: using defaults.
INFO main org.springframework.beans.factory.xml.XmlBeanDefinitionReader - Loading XML bean definitions from class path resource [spring-awesomoe-hib-ordermanagment-test.xml]
INFO main org.springframework.beans.factory.xml.XmlBeanDefinitionReader - Loading XML bean definitions from class path resource [test-order-data.xml]
INFO main org.springframework.context.support.GenericApplicationContext - Refreshing org.springframework.context.support.GenericApplicationContext@566fbd76: startup date [Wed Sep 10 20:04:21 CEST 2014]; root of context hierarchy
INFO main org.springframework.beans.factory.support.DefaultListableBeanFactory - Pre-instantiating singletons in org.springframework.beans.factory.support.DefaultListableBeanFactory@4c7335b1: defining beans [org.springframework.context.annotation.internalConfigurationAnnotationProcessor,org.springframework.context.annotation.internalAutowiredAnnotationProcessor,org.springframework.context.annotation.internalRequiredAnnotationProcessor,org.springframework.context.annotation.internalCommonAnnotationProcessor,org.springframework.context.annotation.internalPersistenceAnnotationProcessor,orderManagementImpl,dataSourceOrderManagementTest,mySessionFactoryTest2,dateFormat,order1,orderEventLogistic,orderStatusShipping,orderStatusShipping2,orderStatusPaying,orderTestProductData1,orderTestProductData2,orderData,orderTestProductList,orderDataList]; root of factory hierarchy
INFO main org.hibernate.cfg.annotations.Version - Hibernate Annotations 3.4.0.GA
INFO main org.hibernate.cfg.Environment - Hibernate 3.3.2.GA
INFO main org.hibernate.cfg.Environment - hibernate.properties not found
INFO main org.hibernate.cfg.Environment - Bytecode provider name : javassist
INFO main org.hibernate.cfg.Environment - using JDK 1.4 java.sql.Timestamp handling
INFO main org.hibernate.annotations.common.Version - Hibernate Commons Annotations 3.1.0.GA
INFO main org.hibernate.cfg.AnnotationBinder - Binding entity from annotated class: se.awesomoe.om.domain.OrderDAO
INFO main org.hibernate.cfg.annotations.QueryBinder - Binding Named query: findAllOrders =>   from OrderDAO order by orderId
INFO main org.hibernate.cfg.annotations.QueryBinder - Binding Named query: getOrderById => from OrderDAO where orderId =:orderId order by orderId
INFO main org.hibernate.cfg.annotations.EntityBinder - Bind entity se.awesomoe.om.domain.OrderDAO on table OMC_ORDER
INFO main org.hibernate.cfg.AnnotationBinder - Binding entity from annotated class: se.awesomoe.om.domain.OrderEvent
INFO main org.hibernate.cfg.annotations.EntityBinder - Bind entity se.awesomoe.om.domain.OrderEvent on table OMC_EVENT
INFO main org.hibernate.cfg.AnnotationBinder - Binding entity from annotated class: se.awesomoe.om.domain.OrderStatus
INFO main org.hibernate.cfg.annotations.EntityBinder - Bind entity se.awesomoe.om.domain.OrderStatus on table OMC_ORDERSTATUS
INFO main org.hibernate.cfg.AnnotationBinder - Binding entity from annotated class: se.awesomoe.om.domain.OrderData
INFO main org.hibernate.cfg.annotations.EntityBinder - Bind entity se.awesomoe.om.domain.OrderData on table OMC_ORDERDATA
INFO main org.hibernate.cfg.AnnotationBinder - Binding entity from annotated class: se.awesomoe.om.domain.OrderProductDataImpl
INFO main org.hibernate.cfg.annotations.EntityBinder - Bind entity se.awesomoe.om.domain.OrderProductDataImpl on table OMC_ORDERPRODUCT
INFO main org.hibernate.cfg.annotations.CollectionBinder - Mapping collection: se.awesomoe.om.domain.OrderDAO.orderData -> OMC_ORDERDATA
INFO main org.hibernate.cfg.annotations.CollectionBinder - Mapping collection: se.awesomoe.om.domain.OrderDAO.orderevent -> OMC_EVENT
INFO main org.hibernate.cfg.AnnotationConfiguration - Hibernate Validator not found: ignoring
INFO main org.springframework.orm.hibernate3.annotation.AnnotationSessionFactoryBean - Building new Hibernate SessionFactory
INFO main org.hibernate.cfg.search.HibernateSearchEventListenerRegister - Unable to find org.hibernate.search.event.FullTextIndexEventListener on the classpath. Hibernate Search is not enabled.
INFO main org.hibernate.connection.ConnectionProviderFactory - Initializing connection provider: org.springframework.orm.hibernate3.LocalDataSourceConnectionProvider
INFO main org.hibernate.cfg.SettingsFactory - RDBMS: HSQL Database Engine, version: 1.8.0
INFO main org.hibernate.cfg.SettingsFactory - JDBC driver: HSQL Database Engine Driver, version: 1.8.0
INFO main org.hibernate.dialect.Dialect - Using dialect: org.hibernate.dialect.HSQLDialect
INFO main org.hibernate.transaction.TransactionFactoryFactory - Transaction strategy: org.springframework.orm.hibernate3.SpringTransactionFactory
INFO main org.hibernate.transaction.TransactionManagerLookupFactory - No TransactionManagerLookup configured (in JTA environment, use of read-write or transactional second-level cache is not recommended)
INFO main org.hibernate.cfg.SettingsFactory - Automatic flush during beforeCompletion(): disabled
INFO main org.hibernate.cfg.SettingsFactory - Automatic session close at end of transaction: disabled
INFO main org.hibernate.cfg.SettingsFactory - JDBC batch size: 15
INFO main org.hibernate.cfg.SettingsFactory - JDBC batch updates for versioned data: disabled
INFO main org.hibernate.cfg.SettingsFactory - Scrollable result sets: enabled
INFO main org.hibernate.cfg.SettingsFactory - JDBC3 getGeneratedKeys(): disabled
INFO main org.hibernate.cfg.SettingsFactory - Connection release mode: auto
INFO main org.hibernate.cfg.SettingsFactory - Default batch fetch size: 1
INFO main org.hibernate.cfg.SettingsFactory - Generate SQL with comments: disabled
INFO main org.hibernate.cfg.SettingsFactory - Order SQL updates by primary key: disabled
INFO main org.hibernate.cfg.SettingsFactory - Order SQL inserts for batching: disabled
INFO main org.hibernate.cfg.SettingsFactory - Query translator: org.hibernate.hql.ast.ASTQueryTranslatorFactory
INFO main org.hibernate.hql.ast.ASTQueryTranslatorFactory - Using ASTQueryTranslatorFactory
INFO main org.hibernate.cfg.SettingsFactory - Query language substitutions: {}
INFO main org.hibernate.cfg.SettingsFactory - JPA-QL strict compliance: disabled
INFO main org.hibernate.cfg.SettingsFactory - Second-level cache: enabled
INFO main org.hibernate.cfg.SettingsFactory - Query cache: disabled
INFO main org.hibernate.cfg.SettingsFactory - Cache region factory : org.hibernate.cache.impl.NoCachingRegionFactory
INFO main org.hibernate.cfg.SettingsFactory - Optimize cache for minimal puts: disabled
INFO main org.hibernate.cfg.SettingsFactory - Structured second-level cache entries: disabled
INFO main org.hibernate.cfg.SettingsFactory - Echoing all SQL to stdout
INFO main org.hibernate.cfg.SettingsFactory - Statistics: disabled
INFO main org.hibernate.cfg.SettingsFactory - Deleted entity synthetic identifier rollback: disabled
INFO main org.hibernate.cfg.SettingsFactory - Default entity-mode: pojo
INFO main org.hibernate.cfg.SettingsFactory - Named query checking : enabled
INFO main org.hibernate.impl.SessionFactoryImpl - building session factory
INFO main org.hibernate.impl.SessionFactoryObjectFactory - Not binding factory to JNDI, no JNDI name configured
INFO main org.hibernate.tool.hbm2ddl.SchemaExport - Running hbm2ddl schema export
INFO main org.hibernate.tool.hbm2ddl.SchemaExport - exporting generated schema to database
INFO main org.hibernate.tool.hbm2ddl.SchemaExport - schema export complete
INFO Thread-0 org.springframework.context.support.GenericApplicationContext - Closing org.springframework.context.support.GenericApplicationContext@566fbd76: startup date [Wed Sep 10 20:04:21 CEST 2014]; root of context hierarchy
INFO Thread-0 org.springframework.beans.factory.support.DefaultListableBeanFactory - Destroying singletons in org.springframework.beans.factory.support.DefaultListableBeanFactory@4c7335b1: defining beans [org.springframework.context.annotation.internalConfigurationAnnotationProcessor,org.springframework.context.annotation.internalAutowiredAnnotationProcessor,org.springframework.context.annotation.internalRequiredAnnotationProcessor,org.springframework.context.annotation.internalCommonAnnotationProcessor,org.springframework.context.annotation.internalPersistenceAnnotationProcessor,orderManagementImpl,dataSourceOrderManagementTest,mySessionFactoryTest2,dateFormat,order1,orderEventLogistic,orderStatusShipping,orderStatusShipping2,orderStatusPaying,orderTestProductData1,orderTestProductData2,orderData,orderTestProductList,orderDataList]; root of factory hierarchy
INFO Thread-0 org.springframework.orm.hibernate3.annotation.AnnotationSessionFactoryBean - Closing Hibernate SessionFactory
INFO Thread-0 org.hibernate.impl.SessionFactoryImpl - closing
INFO main org.springframework.test.context.TestContextManager - @TestExecutionListeners is not present for class [class se.awesomoe.om.model.omorder.manager.OrderProductTest]: using defaults.
INFO main org.springframework.beans.factory.xml.XmlBeanDefinitionReader - Loading XML bean definitions from class path resource [spring-awesomoe-hib-ordermanagment-test.xml]
INFO main org.springframework.beans.factory.xml.XmlBeanDefinitionReader - Loading XML bean definitions from class path resource [test-order-data.xml]
INFO main org.springframework.context.support.GenericApplicationContext - Refreshing org.springframework.context.support.GenericApplicationContext@7c20ba62: startup date [Wed Sep 10 20:06:01 CEST 2014]; root of context hierarchy
INFO main org.springframework.beans.factory.support.DefaultListableBeanFactory - Pre-instantiating singletons in org.springframework.beans.factory.support.DefaultListableBeanFactory@5623dcc5: defining beans [org.springframework.context.annotation.internalConfigurationAnnotationProcessor,org.springframework.context.annotation.internalAutowiredAnnotationProcessor,org.springframework.context.annotation.internalRequiredAnnotationProcessor,org.springframework.context.annotation.internalCommonAnnotationProcessor,org.springframework.context.annotation.internalPersistenceAnnotationProcessor,orderManagementImpl,dataSourceOrderManagementTest,mySessionFactoryTest2,dateFormat,order1,orderEventLogistic,orderStatusShipping,orderStatusShipping2,orderStatusPaying,orderTestProductData1,orderTestProductData2,orderData,orderTestProductList,orderDataList]; root of factory hierarchy
INFO main org.hibernate.cfg.annotations.Version - Hibernate Annotations 3.4.0.GA
INFO main org.hibernate.cfg.Environment - Hibernate 3.3.2.GA
INFO main org.hibernate.cfg.Environment - hibernate.properties not found
INFO main org.hibernate.cfg.Environment - Bytecode provider name : javassist
INFO main org.hibernate.cfg.Environment - using JDK 1.4 java.sql.Timestamp handling
INFO main org.hibernate.annotations.common.Version - Hibernate Commons Annotations 3.1.0.GA
INFO main org.hibernate.cfg.AnnotationBinder - Binding entity from annotated class: se.awesomoe.om.domain.OrderDAO
INFO main org.hibernate.cfg.annotations.QueryBinder - Binding Named query: findAllOrders =>   from OrderDAO order by orderId
INFO main org.hibernate.cfg.annotations.QueryBinder - Binding Named query: getOrderById => from OrderDAO where orderId =:orderId order by orderId
INFO main org.hibernate.cfg.annotations.EntityBinder - Bind entity se.awesomoe.om.domain.OrderDAO on table OMC_ORDER
INFO main org.hibernate.cfg.AnnotationBinder - Binding entity from annotated class: se.awesomoe.om.domain.OrderEvent
INFO main org.hibernate.cfg.annotations.EntityBinder - Bind entity se.awesomoe.om.domain.OrderEvent on table OMC_EVENT
INFO main org.hibernate.cfg.AnnotationBinder - Binding entity from annotated class: se.awesomoe.om.domain.OrderStatus
INFO main org.hibernate.cfg.annotations.EntityBinder - Bind entity se.awesomoe.om.domain.OrderStatus on table OMC_ORDERSTATUS
INFO main org.hibernate.cfg.AnnotationBinder - Binding entity from annotated class: se.awesomoe.om.domain.OrderData
INFO main org.hibernate.cfg.annotations.EntityBinder - Bind entity se.awesomoe.om.domain.OrderData on table OMC_ORDERDATA
INFO main org.hibernate.cfg.AnnotationBinder - Binding entity from annotated class: se.awesomoe.om.domain.OrderProductDataImpl
INFO main org.hibernate.cfg.annotations.EntityBinder - Bind entity se.awesomoe.om.domain.OrderProductDataImpl on table OMC_ORDERPRODUCT
INFO main org.hibernate.cfg.annotations.CollectionBinder - Mapping collection: se.awesomoe.om.domain.OrderDAO.orderData -> OMC_ORDERDATA
INFO main org.hibernate.cfg.annotations.CollectionBinder - Mapping collection: se.awesomoe.om.domain.OrderDAO.orderevent -> OMC_EVENT
INFO main org.hibernate.cfg.AnnotationConfiguration - Hibernate Validator not found: ignoring
INFO main org.springframework.orm.hibernate3.annotation.AnnotationSessionFactoryBean - Building new Hibernate SessionFactory
INFO main org.hibernate.cfg.search.HibernateSearchEventListenerRegister - Unable to find org.hibernate.search.event.FullTextIndexEventListener on the classpath. Hibernate Search is not enabled.
INFO main org.hibernate.connection.ConnectionProviderFactory - Initializing connection provider: org.springframework.orm.hibernate3.LocalDataSourceConnectionProvider
INFO main org.hibernate.cfg.SettingsFactory - RDBMS: HSQL Database Engine, version: 1.8.0
INFO main org.hibernate.cfg.SettingsFactory - JDBC driver: HSQL Database Engine Driver, version: 1.8.0
INFO main org.hibernate.dialect.Dialect - Using dialect: org.hibernate.dialect.HSQLDialect
INFO main org.hibernate.transaction.TransactionFactoryFactory - Transaction strategy: org.springframework.orm.hibernate3.SpringTransactionFactory
INFO main org.hibernate.transaction.TransactionManagerLookupFactory - No TransactionManagerLookup configured (in JTA environment, use of read-write or transactional second-level cache is not recommended)
INFO main org.hibernate.cfg.SettingsFactory - Automatic flush during beforeCompletion(): disabled
INFO main org.hibernate.cfg.SettingsFactory - Automatic session close at end of transaction: disabled
INFO main org.hibernate.cfg.SettingsFactory - JDBC batch size: 15
INFO main org.hibernate.cfg.SettingsFactory - JDBC batch updates for versioned data: disabled
INFO main org.hibernate.cfg.SettingsFactory - Scrollable result sets: enabled
INFO main org.hibernate.cfg.SettingsFactory - JDBC3 getGeneratedKeys(): disabled
INFO main org.hibernate.cfg.SettingsFactory - Connection release mode: auto
INFO main org.hibernate.cfg.SettingsFactory - Default batch fetch size: 1
INFO main org.hibernate.cfg.SettingsFactory - Generate SQL with comments: disabled
INFO main org.hibernate.cfg.SettingsFactory - Order SQL updates by primary key: disabled
INFO main org.hibernate.cfg.SettingsFactory - Order SQL inserts for batching: disabled
INFO main org.hibernate.cfg.SettingsFactory - Query translator: org.hibernate.hql.ast.ASTQueryTranslatorFactory
INFO main org.hibernate.hql.ast.ASTQueryTranslatorFactory - Using ASTQueryTranslatorFactory
INFO main org.hibernate.cfg.SettingsFactory - Query language substitutions: {}
INFO main org.hibernate.cfg.SettingsFactory - JPA-QL strict compliance: disabled
INFO main org.hibernate.cfg.SettingsFactory - Second-level cache: enabled
INFO main org.hibernate.cfg.SettingsFactory - Query cache: disabled
INFO main org.hibernate.cfg.SettingsFactory - Cache region factory : org.hibernate.cache.impl.NoCachingRegionFactory
INFO main org.hibernate.cfg.SettingsFactory - Optimize cache for minimal puts: disabled
INFO main org.hibernate.cfg.SettingsFactory - Structured second-level cache entries: disabled
INFO main org.hibernate.cfg.SettingsFactory - Echoing all SQL to stdout
INFO main org.hibernate.cfg.SettingsFactory - Statistics: disabled
INFO main org.hibernate.cfg.SettingsFactory - Deleted entity synthetic identifier rollback: disabled
INFO main org.hibernate.cfg.SettingsFactory - Default entity-mode: pojo
INFO main org.hibernate.cfg.SettingsFactory - Named query checking : enabled
INFO main org.hibernate.impl.SessionFactoryImpl - building session factory
INFO main org.hibernate.impl.SessionFactoryObjectFactory - Not binding factory to JNDI, no JNDI name configured
INFO main org.hibernate.tool.hbm2ddl.SchemaExport - Running hbm2ddl schema export
INFO main org.hibernate.tool.hbm2ddl.SchemaExport - exporting generated schema to database
INFO main org.hibernate.tool.hbm2ddl.SchemaExport - schema export complete
INFO Thread-0 org.springframework.context.support.GenericApplicationContext - Closing org.springframework.context.support.GenericApplicationContext@7c20ba62: startup date [Wed Sep 10 20:06:01 CEST 2014]; root of context hierarchy
INFO Thread-0 org.springframework.beans.factory.support.DefaultListableBeanFactory - Destroying singletons in org.springframework.beans.factory.support.DefaultListableBeanFactory@5623dcc5: defining beans [org.springframework.context.annotation.internalConfigurationAnnotationProcessor,org.springframework.context.annotation.internalAutowiredAnnotationProcessor,org.springframework.context.annotation.internalRequiredAnnotationProcessor,org.springframework.context.annotation.internalCommonAnnotationProcessor,org.springframework.context.annotation.internalPersistenceAnnotationProcessor,orderManagementImpl,dataSourceOrderManagementTest,mySessionFactoryTest2,dateFormat,order1,orderEventLogistic,orderStatusShipping,orderStatusShipping2,orderStatusPaying,orderTestProductData1,orderTestProductData2,orderData,orderTestProductList,orderDataList]; root of factory hierarchy
INFO Thread-0 org.springframework.orm.hibernate3.annotation.AnnotationSessionFactoryBean - Closing Hibernate SessionFactory
INFO Thread-0 org.hibernate.impl.SessionFactoryImpl - closing
INFO main org.springframework.test.context.TestContextManager - @TestExecutionListeners is not present for class [class se.awesomoe.om.model.omorder.manager.OrderProductTest]: using defaults.
INFO main org.springframework.beans.factory.xml.XmlBeanDefinitionReader - Loading XML bean definitions from class path resource [spring-awesomoe-hib-ordermanagment-test.xml]
INFO main org.springframework.beans.factory.xml.XmlBeanDefinitionReader - Loading XML bean definitions from class path resource [test-order-data.xml]
INFO main org.springframework.context.support.GenericApplicationContext - Refreshing org.springframework.context.support.GenericApplicationContext@1b814a5: startup date [Fri Sep 12 10:53:26 CEST 2014]; root of context hierarchy
INFO main org.springframework.beans.factory.support.DefaultListableBeanFactory - Pre-instantiating singletons in org.springframework.beans.factory.support.DefaultListableBeanFactory@5fb155b7: defining beans [org.springframework.context.annotation.internalConfigurationAnnotationProcessor,org.springframework.context.annotation.internalAutowiredAnnotationProcessor,org.springframework.context.annotation.internalRequiredAnnotationProcessor,org.springframework.context.annotation.internalCommonAnnotationProcessor,org.springframework.context.annotation.internalPersistenceAnnotationProcessor,orderManagementImpl,dataSourceOrderManagementTest,mySessionFactoryTest2,dateFormat,order1,orderEventLogistic,orderStatusShipping,orderStatusShipping2,orderStatusPaying,orderTestProductData1,orderTestProductData2,orderData,orderTestProductList,orderDataList]; root of factory hierarchy
INFO main org.hibernate.cfg.annotations.Version - Hibernate Annotations 3.4.0.GA
INFO main org.hibernate.cfg.Environment - Hibernate 3.3.2.GA
INFO main org.hibernate.cfg.Environment - hibernate.properties not found
INFO main org.hibernate.cfg.Environment - Bytecode provider name : javassist
INFO main org.hibernate.cfg.Environment - using JDK 1.4 java.sql.Timestamp handling
INFO main org.hibernate.annotations.common.Version - Hibernate Commons Annotations 3.1.0.GA
INFO main org.hibernate.cfg.AnnotationBinder - Binding entity from annotated class: se.awesomoe.om.domain.OrderDAO
INFO main org.hibernate.cfg.annotations.QueryBinder - Binding Named query: findAllOrders =>   from OrderDAO order by orderId
INFO main org.hibernate.cfg.annotations.QueryBinder - Binding Named query: getOrderById => from OrderDAO where orderId =:orderId order by orderId
INFO main org.hibernate.cfg.annotations.EntityBinder - Bind entity se.awesomoe.om.domain.OrderDAO on table OMC_ORDER
INFO main org.hibernate.cfg.AnnotationBinder - Binding entity from annotated class: se.awesomoe.om.domain.OrderEvent
INFO main org.hibernate.cfg.annotations.EntityBinder - Bind entity se.awesomoe.om.domain.OrderEvent on table OMC_EVENT
INFO main org.hibernate.cfg.AnnotationBinder - Binding entity from annotated class: se.awesomoe.om.domain.OrderStatus
INFO main org.hibernate.cfg.annotations.EntityBinder - Bind entity se.awesomoe.om.domain.OrderStatus on table OMC_ORDERSTATUS
INFO main org.hibernate.cfg.AnnotationBinder - Binding entity from annotated class: se.awesomoe.om.domain.OrderData
INFO main org.hibernate.cfg.annotations.EntityBinder - Bind entity se.awesomoe.om.domain.OrderData on table OMC_ORDERDATA
INFO main org.hibernate.cfg.AnnotationBinder - Binding entity from annotated class: se.awesomoe.om.domain.OrderProductDataImpl
INFO main org.hibernate.cfg.annotations.EntityBinder - Bind entity se.awesomoe.om.domain.OrderProductDataImpl on table OMC_ORDERPRODUCT
INFO main org.hibernate.cfg.annotations.CollectionBinder - Mapping collection: se.awesomoe.om.domain.OrderDAO.orderData -> OMC_ORDERDATA
INFO main org.hibernate.cfg.annotations.CollectionBinder - Mapping collection: se.awesomoe.om.domain.OrderDAO.orderevent -> OMC_EVENT
INFO main org.hibernate.cfg.AnnotationConfiguration - Hibernate Validator not found: ignoring
INFO main org.springframework.orm.hibernate3.annotation.AnnotationSessionFactoryBean - Building new Hibernate SessionFactory
INFO main org.hibernate.cfg.search.HibernateSearchEventListenerRegister - Unable to find org.hibernate.search.event.FullTextIndexEventListener on the classpath. Hibernate Search is not enabled.
INFO main org.hibernate.connection.ConnectionProviderFactory - Initializing connection provider: org.springframework.orm.hibernate3.LocalDataSourceConnectionProvider
INFO main org.hibernate.cfg.SettingsFactory - RDBMS: HSQL Database Engine, version: 1.8.0
INFO main org.hibernate.cfg.SettingsFactory - JDBC driver: HSQL Database Engine Driver, version: 1.8.0
INFO main org.hibernate.dialect.Dialect - Using dialect: org.hibernate.dialect.HSQLDialect
INFO main org.hibernate.transaction.TransactionFactoryFactory - Transaction strategy: org.springframework.orm.hibernate3.SpringTransactionFactory
INFO main org.hibernate.transaction.TransactionManagerLookupFactory - No TransactionManagerLookup configured (in JTA environment, use of read-write or transactional second-level cache is not recommended)
INFO main org.hibernate.cfg.SettingsFactory - Automatic flush during beforeCompletion(): disabled
INFO main org.hibernate.cfg.SettingsFactory - Automatic session close at end of transaction: disabled
INFO main org.hibernate.cfg.SettingsFactory - JDBC batch size: 15
INFO main org.hibernate.cfg.SettingsFactory - JDBC batch updates for versioned data: disabled
INFO main org.hibernate.cfg.SettingsFactory - Scrollable result sets: enabled
INFO main org.hibernate.cfg.SettingsFactory - JDBC3 getGeneratedKeys(): disabled
INFO main org.hibernate.cfg.SettingsFactory - Connection release mode: auto
INFO main org.hibernate.cfg.SettingsFactory - Default batch fetch size: 1
INFO main org.hibernate.cfg.SettingsFactory - Generate SQL with comments: disabled
INFO main org.hibernate.cfg.SettingsFactory - Order SQL updates by primary key: disabled
INFO main org.hibernate.cfg.SettingsFactory - Order SQL inserts for batching: disabled
INFO main org.hibernate.cfg.SettingsFactory - Query translator: org.hibernate.hql.ast.ASTQueryTranslatorFactory
INFO main org.hibernate.hql.ast.ASTQueryTranslatorFactory - Using ASTQueryTranslatorFactory
INFO main org.hibernate.cfg.SettingsFactory - Query language substitutions: {}
INFO main org.hibernate.cfg.SettingsFactory - JPA-QL strict compliance: disabled
INFO main org.hibernate.cfg.SettingsFactory - Second-level cache: enabled
INFO main org.hibernate.cfg.SettingsFactory - Query cache: disabled
INFO main org.hibernate.cfg.SettingsFactory - Cache region factory : org.hibernate.cache.impl.NoCachingRegionFactory
INFO main org.hibernate.cfg.SettingsFactory - Optimize cache for minimal puts: disabled
INFO main org.hibernate.cfg.SettingsFactory - Structured second-level cache entries: disabled
INFO main org.hibernate.cfg.SettingsFactory - Echoing all SQL to stdout
INFO main org.hibernate.cfg.SettingsFactory - Statistics: disabled
INFO main org.hibernate.cfg.SettingsFactory - Deleted entity synthetic identifier rollback: disabled
INFO main org.hibernate.cfg.SettingsFactory - Default entity-mode: pojo
INFO main org.hibernate.cfg.SettingsFactory - Named query checking : enabled
INFO main org.hibernate.impl.SessionFactoryImpl - building session factory
INFO main org.hibernate.impl.SessionFactoryObjectFactory - Not binding factory to JNDI, no JNDI name configured
INFO main org.hibernate.tool.hbm2ddl.SchemaExport - Running hbm2ddl schema export
INFO main org.hibernate.tool.hbm2ddl.SchemaExport - exporting generated schema to database
INFO main org.hibernate.tool.hbm2ddl.SchemaExport - schema export complete
INFO Thread-0 org.springframework.context.support.GenericApplicationContext - Closing org.springframework.context.support.GenericApplicationContext@1b814a5: startup date [Fri Sep 12 10:53:26 CEST 2014]; root of context hierarchy
INFO Thread-0 org.springframework.beans.factory.support.DefaultListableBeanFactory - Destroying singletons in org.springframework.beans.factory.support.DefaultListableBeanFactory@5fb155b7: defining beans [org.springframework.context.annotation.internalConfigurationAnnotationProcessor,org.springframework.context.annotation.internalAutowiredAnnotationProcessor,org.springframework.context.annotation.internalRequiredAnnotationProcessor,org.springframework.context.annotation.internalCommonAnnotationProcessor,org.springframework.context.annotation.internalPersistenceAnnotationProcessor,orderManagementImpl,dataSourceOrderManagementTest,mySessionFactoryTest2,dateFormat,order1,orderEventLogistic,orderStatusShipping,orderStatusShipping2,orderStatusPaying,orderTestProductData1,orderTestProductData2,orderData,orderTestProductList,orderDataList]; root of factory hierarchy
INFO Thread-0 org.springframework.orm.hibernate3.annotation.AnnotationSessionFactoryBean - Closing Hibernate SessionFactory
INFO Thread-0 org.hibernate.impl.SessionFactoryImpl - closing
